<?xml version="1.0" encoding="UTF-8"?>
<!-- Generated by org.testng.reporters.JUnitReportReporter -->
<testsuite hostname="ASCINLAP61689" failures="0" tests="1" name="testNG.NewTest" time="0.018" errors="0" timestamp="2024-12-06T10:29:43 IST" skipped="0">
  <testcase classname="testNG.NewTest" name="f" time="0.018"/>
  <system-out/>
</testsuite> <!-- testNG.NewTest -->
